<?xml version="1.0" encoding="UTF-8"?>
<!-- Generated by org.testng.reporters.JUnitReportReporter -->
<testsuite hostname="ARUN" failures="0" tests="6" name="org.test.DemoGroup" time="0.099" errors="0" timestamp="2023-10-09T20:20:29 IST" skipped="0">
  <testcase classname="org.test.DemoGroup" name="tc01" time="0.049"/>
  <testcase classname="org.test.DemoGroup" name="tc04" time="0.005"/>
  <testcase classname="org.test.DemoGroup" name="tc09" time="0.012"/>
  <testcase classname="org.test.DemoGroup" name="tc02" time="0.012"/>
  <testcase classname="org.test.DemoGroup" name="tc06" time="0.013"/>
  <testcase classname="org.test.DemoGroup" name="tc07" time="0.008"/>
</testsuite> <!-- org.test.DemoGroup -->
