<?xml version="1.0" encoding="UTF-8"?>
<!-- Generated by org.testng.reporters.JUnitReportReporter -->
<testsuite hostname="ARUN" failures="0" tests="2" name="org.test.ChromeTesting" time="78.555" errors="0" timestamp="2023-10-07T19:12:47 IST" skipped="0">
  <testcase classname="org.test.ChromeTesting" name="tc01" time="56.295"/>
  <testcase classname="org.test.ChromeTesting" name="tc01" time="22.260"/>
</testsuite> <!-- org.test.ChromeTesting -->
